{
  "stats": {
    "suites": 2,
    "tests": 1,
    "passes": 0,
    "pending": 0,
    "failures": 1,
    "start": "2022-02-13T15:26:47.330Z",
    "end": "2022-02-13T15:27:00.003Z",
    "duration": 12673,
    "testsRegistered": 4,
    "passPercent": 0,
    "pendingPercent": 0,
    "other": 0,
    "hasOther": false,
    "skipped": 3,
    "hasSkipped": true
  },
  "results": [
    {
      "uuid": "4e83386e-b093-429a-8a9e-be980bfc5f25",
      "title": "",
      "fullFile": "cypress/integration/banners.spec.js",
      "file": "cypress/integration/banners.spec.js",
      "beforeHooks": [],
      "afterHooks": [],
      "tests": [],
      "suites": [
        {
          "uuid": "95e5250f-f60a-473e-bd5c-90e5e87494f9",
          "title": "Banners Category Test Cases",
          "fullFile": "",
          "file": "",
          "beforeHooks": [],
          "afterHooks": [],
          "tests": [],
          "suites": [
            {
              "uuid": "45579880-ca48-4a68-b545-5cdacea63aa5",
              "title": "\"Add new\" button",
              "fullFile": "",
              "file": "",
              "beforeHooks": [],
              "afterHooks": [],
              "tests": [
                {
                  "title": "Verify if clicking on the \"Add new\" button a new banner rectangle appears",
                  "fullTitle": "Banners Category Test Cases \"Add new\" button Verify if clicking on the \"Add new\" button a new banner rectangle appears",
                  "timedOut": null,
                  "duration": 8521,
                  "state": "failed",
                  "speed": null,
                  "pass": false,
                  "fail": true,
                  "pending": false,
                  "context": null,
                  "code": "cy.get('.cdk-drag-disabled > app-banner-item > .banner-item').should('be.visible');",
                  "err": {
                    "message": "AssertionError: Timed out retrying after 4000ms: Expected to find content: ' + Add New ' but never did.\n\nBecause this error occurred during a `before each` hook we are skipping the remaining tests in the current suite: `\"Add new\" button`",
                    "estack": "AssertionError: Timed out retrying after 4000ms: Expected to find content: ' + Add New ' but never did.\n\nBecause this error occurred during a `before each` hook we are skipping the remaining tests in the current suite: `\"Add new\" button`\n    at Context.eval (https://stagingadmin.seekunique.co/__cypress/tests?p=cypress\\integration\\banners.spec.js:111:10)",
                    "diff": null
                  },
                  "uuid": "6bf37d20-11a2-47df-8095-59b6e602189e",
                  "parentUUID": "45579880-ca48-4a68-b545-5cdacea63aa5",
                  "isHook": false,
                  "skipped": false
                },
                {
                  "title": "Verify if a new banner rectangle appears when not saving the previous added one",
                  "fullTitle": "Banners Category Test Cases \"Add new\" button Verify if a new banner rectangle appears when not saving the previous added one",
                  "timedOut": null,
                  "duration": 0,
                  "state": "skipped",
                  "speed": null,
                  "pass": false,
                  "fail": false,
                  "pending": false,
                  "context": null,
                  "code": "cy.get('@addNew').should('be.disabled');",
                  "err": {},
                  "uuid": "d0efdb5a-f4ad-470d-99ca-628e87b29b00",
                  "parentUUID": "45579880-ca48-4a68-b545-5cdacea63aa5",
                  "isHook": false,
                  "skipped": true
                },
                {
                  "title": "Verify if by default the  \"Image banner\" radiobutton is selected",
                  "fullTitle": "Banners Category Test Cases \"Add new\" button Verify if by default the  \"Image banner\" radiobutton is selected",
                  "timedOut": null,
                  "duration": 0,
                  "state": "skipped",
                  "speed": null,
                  "pass": false,
                  "fail": false,
                  "pending": false,
                  "context": null,
                  "code": "cy.get('.cdk-drag-disabled > app-banner-item > .banner-item').should('be.visible');\ncy.get('.ant-radio-wrapper-checked > .ant-radio > .ant-radio-input').should('be.checked');",
                  "err": {},
                  "uuid": "e2bf48f3-986b-4813-8ae6-f786cc0304b3",
                  "parentUUID": "45579880-ca48-4a68-b545-5cdacea63aa5",
                  "isHook": false,
                  "skipped": true
                },
                {
                  "title": "Verify if the \"Image upload\" section border line becomes red when clicking on the \"Save\" button without uploading an image",
                  "fullTitle": "Banners Category Test Cases \"Add new\" button Verify if the \"Image upload\" section border line becomes red when clicking on the \"Save\" button without uploading an image",
                  "timedOut": null,
                  "duration": 0,
                  "state": "skipped",
                  "speed": null,
                  "pass": false,
                  "fail": false,
                  "pending": false,
                  "context": null,
                  "code": "cy.get('.ant-upload-drag-container').then(drag => {});",
                  "err": {},
                  "uuid": "ef1d6d60-470a-44b9-9774-189b62a9ce44",
                  "parentUUID": "45579880-ca48-4a68-b545-5cdacea63aa5",
                  "isHook": false,
                  "skipped": true
                }
              ],
              "suites": [],
              "passes": [],
              "failures": [
                "6bf37d20-11a2-47df-8095-59b6e602189e"
              ],
              "pending": [],
              "skipped": [
                "d0efdb5a-f4ad-470d-99ca-628e87b29b00",
                "e2bf48f3-986b-4813-8ae6-f786cc0304b3",
                "ef1d6d60-470a-44b9-9774-189b62a9ce44"
              ],
              "duration": 8521,
              "root": false,
              "rootEmpty": false,
              "_timeout": 2000
            }
          ],
          "passes": [],
          "failures": [],
          "pending": [],
          "skipped": [],
          "duration": 0,
          "root": false,
          "rootEmpty": false,
          "_timeout": 2000
        }
      ],
      "passes": [],
      "failures": [],
      "pending": [],
      "skipped": [],
      "duration": 0,
      "root": true,
      "rootEmpty": true,
      "_timeout": 2000
    }
  ],
  "meta": {
    "mocha": {
      "version": "7.0.1"
    },
    "mochawesome": {
      "options": {
        "quiet": false,
        "reportFilename": "mochawesome",
        "saveHtml": false,
        "saveJson": true,
        "consoleReporter": "spec",
        "useInlineDiffs": false,
        "code": true
      },
      "version": "7.0.1"
    },
    "marge": {
      "options": {
        "id": "default",
        "reportDir": "cypress/results/mochawesome",
        "overwrite": false,
        "html": false,
        "json": true
      },
      "version": "6.0.1"
    }
  }
}