<?xml version="1.0" encoding="UTF-8"?>
<testsuites name="Mocha Tests" time="8.8190" tests="1" failures="0">
  <testsuite name="Root Suite" timestamp="2022-02-18T08:57:47" tests="0" file="cypress/integration/banners.spec.js" time="0.0000" failures="0">
  </testsuite>
  <testsuite name="Banners Category Test Cases" timestamp="2022-02-18T08:57:47" tests="0" time="0.0000" failures="0">
  </testsuite>
  <testsuite name="&quot;Banner visibilty&quot;" timestamp="2022-02-18T08:57:47" tests="1" time="8.7240" failures="0">
    <testcase name="Banners Category Test Cases &quot;Banner visibilty&quot; Verify if the banner visibility changes when clicking on the &quot;Visibility&quot; icon" time="8.7190" classname="Verify if the banner visibility changes when clicking on the &quot;Visibility&quot; icon">
    </testcase>
  </testsuite>
</testsuites>